<?xml version="1.0" encoding="UTF-8"?>
<!-- Generated by org.testng.reporters.JUnitXMLReporter -->
<testsuite hostname="QTLSYS0-223" ignored="6" name="Test" tests="1" failures="0" timestamp="14 Feb 2020 11:01:40 GMT" time="220.49" errors="0">
  <testcase name="Payfrequency_Semi_monthly" time="219.177" classname="tests.QCStore"/>
  <testcase name="Txn8_Recon_ILP_EARNED_FEE_Variance" time="0.0" classname="tests.QCStore">
    <ignored/>
  </testcase> <!-- Txn8_Recon_ILP_EARNED_FEE_Variance -->
  <testcase name="Txn1_Recon_ILP_Debit_Card_Variance_scenario" time="0.0" classname="tests.QCStore">
    <ignored/>
  </testcase> <!-- Txn1_Recon_ILP_Debit_Card_Variance_scenario -->
  <testcase name="Txn5_WriteOff" time="0.0" classname="tests.QCStore">
    <ignored/>
  </testcase> <!-- Txn5_WriteOff -->
  <testcase name="Txn11_EPP" time="0.0" classname="tests.QCStore">
    <ignored/>
  </testcase> <!-- Txn11_EPP -->
  <testcase name="Txn3_4_Reverse_and_Reallocation" time="0.0" classname="tests.QCStore">
    <ignored/>
  </testcase> <!-- Txn3_4_Reverse_and_Reallocation -->
  <testcase name="Txn6_Recon_CashRoll" time="0.0" classname="tests.QCStore">
    <ignored/>
  </testcase> <!-- Txn6_Recon_CashRoll -->
</testsuite> <!-- Test -->
