<?xml version="1.0" encoding="UTF-8"?>
<!-- Generated by org.testng.reporters.JUnitXMLReporter -->
<testsuite hostname="QTLSYS2-238" ignored="0" name="Default test" tests="4" failures="0" timestamp="22 Mar 2019 11:53:30 GMT" time="173.376" errors="0">
  <testcase name="QC_NewLoan_Promotion_Txn" time="152.391" classname="tests.QCStore"/>
  <testcase name="QC_NewLoan_Void_Txn" time="0.003" classname="tests.QCStore"/>
  <testcase name="QC_Installmentpayment_Txn" time="0.002" classname="tests.QCStore"/>
  <testcase name="QC_AgeStore_Void_Txn" time="0.002" classname="tests.QCStore"/>
</testsuite> <!-- Default test -->
