<?xml version="1.0" encoding="UTF-8"?>
<testng-results skipped="0" failed="0" ignored="0" total="1" passed="1">
  <reporter-output>
  </reporter-output>
  <suite name="Default suite" duration-ms="38" started-at="2019-06-27T11:55:16Z" finished-at="2019-06-27T11:55:16Z">
    <groups>
    </groups>
    <test name="Default test" duration-ms="38" started-at="2019-06-27T11:55:16Z" finished-at="2019-06-27T11:55:16Z">
      <class name="test3.test3.AppTest">
        <test-method status="PASS" signature="main()[pri:4, instance:test3.test3.AppTest@25bbe1b6]" name="main" duration-ms="10" started-at="2019-06-27T11:55:16Z" finished-at="2019-06-27T11:55:16Z">
          <reporter-output>
          </reporter-output>
        </test-method> <!-- main -->
      </class> <!-- test3.test3.AppTest -->
    </test> <!-- Default test -->
  </suite> <!-- Default suite -->
</testng-results>
