<?xml version="1.0" encoding="UTF-8"?>
<testng-results skipped="0" failed="0" ignored="0" total="1" passed="1">
  <reporter-output>
  </reporter-output>
  <suite name="Default suite" duration-ms="66749" started-at="2019-04-04T05:49:12Z" finished-at="2019-04-04T05:50:19Z">
    <groups>
      <group name="Brahmith">
        <method signature="QCStore.DBtesting()[pri:1, instance:DBtesting.QCStore@3632be31]" name="DBtesting" class="DBtesting.QCStore"/>
      </group> <!-- Brahmith -->
    </groups>
    <test name="Default test" duration-ms="66749" started-at="2019-04-04T05:49:12Z" finished-at="2019-04-04T05:50:19Z">
      <class name="DBtesting.QCStore">
        <test-method status="PASS" signature="setup()[pri:0, instance:DBtesting.QCStore@3632be31]" name="setup" is-config="true" duration-ms="106" started-at="2019-04-04T05:49:12Z" finished-at="2019-04-04T05:49:12Z">
          <reporter-output>
          </reporter-output>
        </test-method> <!-- setup -->
        <test-method status="PASS" signature="killProcess()[pri:0, instance:DBtesting.QCStore@3632be31]" name="killProcess" is-config="true" duration-ms="5012" started-at="2019-04-04T05:49:12Z" finished-at="2019-04-04T05:49:17Z">
          <reporter-output>
          </reporter-output>
        </test-method> <!-- killProcess -->
        <test-method status="PASS" signature="DBtesting()[pri:1, instance:DBtesting.QCStore@3632be31]" name="DBtesting" duration-ms="61418" started-at="2019-04-04T05:49:17Z" finished-at="2019-04-04T05:50:19Z">
          <reporter-output>
          </reporter-output>
        </test-method> <!-- DBtesting -->
        <test-method status="PASS" signature="endReport()[pri:0, instance:DBtesting.QCStore@3632be31]" name="endReport" is-config="true" duration-ms="1" started-at="2019-04-04T05:50:19Z" finished-at="2019-04-04T05:50:19Z">
          <reporter-output>
          </reporter-output>
        </test-method> <!-- endReport -->
        <test-method status="PASS" signature="getResult(org.testng.ITestResult)[pri:0, instance:DBtesting.QCStore@3632be31]" name="getResult" is-config="true" duration-ms="198" started-at="2019-04-04T05:50:19Z" finished-at="2019-04-04T05:50:19Z">
          <params>
            <param index="0">
              <value>
                <![CDATA[[TestResult name=DBtesting status=SUCCESS method=QCStore.DBtesting()[pri:1, instance:DBtesting.QCStore@3632be31] output={null}]]]>
              </value>
            </param>
          </params>
          <reporter-output>
          </reporter-output>
        </test-method> <!-- getResult -->
      </class> <!-- DBtesting.QCStore -->
    </test> <!-- Default test -->
  </suite> <!-- Default suite -->
</testng-results>
