<?xml version="1.0" encoding="UTF-8"?>
<testng-results skipped="0" failed="0" ignored="0" total="1" passed="1">
  <reporter-output>
  </reporter-output>
  <suite name="Default suite" duration-ms="34" started-at="2019-06-27T11:24:44Z" finished-at="2019-06-27T11:24:44Z">
    <groups>
    </groups>
    <test name="Default test" duration-ms="34" started-at="2019-06-27T11:24:44Z" finished-at="2019-06-27T11:24:44Z">
      <class name="test1.test2.AppTest">
        <test-method status="PASS" signature="setup()[pri:0, instance:test1.test2.AppTest@20322d26]" name="setup" is-config="true" duration-ms="8" started-at="2019-06-27T11:24:44Z" finished-at="2019-06-27T11:24:44Z">
          <reporter-output>
          </reporter-output>
        </test-method> <!-- setup -->
        <test-method status="PASS" signature="main()[pri:4, instance:test1.test2.AppTest@20322d26]" name="main" duration-ms="5" started-at="2019-06-27T11:24:44Z" finished-at="2019-06-27T11:24:44Z">
          <reporter-output>
          </reporter-output>
        </test-method> <!-- main -->
      </class> <!-- test1.test2.AppTest -->
    </test> <!-- Default test -->
  </suite> <!-- Default suite -->
</testng-results>
