<?xml version="1.0" encoding="UTF-8"?>
<!-- Generated by org.testng.reporters.JUnitXMLReporter -->
<testsuite hostname="qtlsys0-226" ignored="6" name="Test" tests="1" failures="0" timestamp="22 Jul 2019 12:53:08 GMT" time="171.323" errors="0">
  <testcase name="QC_PDL_Refinance_Weekly_StepDown1_Txn_Testdata" time="165.509" classname="tests.QCStore"/>
  <testcase name="QC_PDL_Refinance_BiWeekly_StepSame_Txn_Testdata" time="0.0" classname="tests.QCStore">
    <ignored/>
  </testcase> <!-- QC_PDL_Refinance_BiWeekly_StepSame_Txn_Testdata -->
  <testcase name="QC_PDL_Refinance_Monthly_StepDown_Txn_Testdata" time="0.0" classname="tests.QCStore">
    <ignored/>
  </testcase> <!-- QC_PDL_Refinance_Monthly_StepDown_Txn_Testdata -->
  <testcase name="QC_PDL_Refinance_Semimonthly_StepDown2_Txn_Testdata" time="0.0" classname="tests.QCStore">
    <ignored/>
  </testcase> <!-- QC_PDL_Refinance_Semimonthly_StepDown2_Txn_Testdata -->
  <testcase name="QC_PDL_Refinance_Semimonthly_StepDown1_Txn_Testdata" time="0.0" classname="tests.QCStore">
    <ignored/>
  </testcase> <!-- QC_PDL_Refinance_Semimonthly_StepDown1_Txn_Testdata -->
  <testcase name="QC_PDL_Refinance_Monthly_StepSame_Txn_Testdata" time="0.0" classname="tests.QCStore">
    <ignored/>
  </testcase> <!-- QC_PDL_Refinance_Monthly_StepSame_Txn_Testdata -->
  <testcase name="QC_PDL_Refinance_BiWeekly_StepDown_Txn_Testdata" time="0.0" classname="tests.QCStore">
    <ignored/>
  </testcase> <!-- QC_PDL_Refinance_BiWeekly_StepDown_Txn_Testdata -->
</testsuite> <!-- Test -->
