<?xml version="1.0" encoding="UTF-8"?>
<!-- Generated by org.testng.reporters.JUnitXMLReporter -->
<testsuite hostname="QTLSYS0-224" ignored="83" name="Test" tests="4" failures="0" timestamp="04 Oct 2019 06:04:19 GMT" time="4111.267" errors="0">
  <testcase name="PaymentAndDraw" time="788.643" classname="tests.QCStore"/>
  <testcase name="PaymentdrawVoidEOD" time="800.643" classname="tests.QCStore"/>
  <testcase name="DepositEODTwice" time="1072.334" classname="tests.QCStore"/>
  <testcase name="Deposit_DrawEODTwice" time="1440.99" classname="tests.QCStore"/>
  <testcase name="AReviseCredit_IncIncome" time="0.0" classname="tests.QCStore">
    <ignored/>
  </testcase> <!-- AReviseCredit_IncIncome -->
  <testcase name="JQC_LOC_Refinance_StepSame_Txn" time="0.0" classname="tests.QCStore">
    <ignored/>
  </testcase> <!-- JQC_LOC_Refinance_StepSame_Txn -->
  <testcase name="RQC_LOC_Deposit_Return_ManualDefault_Txn_Testdata" time="0.0" classname="tests.QCStore">
    <ignored/>
  </testcase> <!-- RQC_LOC_Deposit_Return_ManualDefault_Txn_Testdata -->
  <testcase name="JQC_LOC_New_Loan_Rescind_Txn" time="0.0" classname="tests.QCStore">
    <ignored/>
  </testcase> <!-- JQC_LOC_New_Loan_Rescind_Txn -->
  <testcase name="SignatureNewLoan_EODTwice" time="0.0" classname="tests.QCStore">
    <ignored/>
  </testcase> <!-- SignatureNewLoan_EODTwice -->
  <testcase name="JQC_LOC_Refinance_StepUp_Txn" time="0.0" classname="tests.QCStore">
    <ignored/>
  </testcase> <!-- JQC_LOC_Refinance_StepUp_Txn -->
  <testcase name="LOC_ACHDeposit_EOD_Return_EOD_Redeposit_Txn" time="0.0" classname="tests.QCStore">
    <ignored/>
  </testcase> <!-- LOC_ACHDeposit_EOD_Return_EOD_Redeposit_Txn -->
  <testcase name="LOC_WriteoffRecoveryReturn" time="0.0" classname="tests.QCStore">
    <ignored/>
  </testcase> <!-- LOC_WriteoffRecoveryReturn -->
  <testcase name="SQC_LOC_Deposit_Bulk_Void" time="0.0" classname="tests.QCStore">
    <ignored/>
  </testcase> <!-- SQC_LOC_Deposit_Bulk_Void -->
  <testcase name="JQC_LOC_LessThan_MinPayment_Txn" time="0.0" classname="tests.QCStore">
    <ignored/>
  </testcase> <!-- JQC_LOC_LessThan_MinPayment_Txn -->
  <testcase name="DepositEODReDeposit" time="0.0" classname="tests.QCStore">
    <ignored/>
  </testcase> <!-- DepositEODReDeposit -->
  <testcase name="LOC_Deposit2_Return_Writeoff" time="0.0" classname="tests.QCStore">
    <ignored/>
  </testcase> <!-- LOC_Deposit2_Return_Writeoff -->
  <testcase name="PaymentDepositEODReDeposit" time="0.0" classname="tests.QCStore">
    <ignored/>
  </testcase> <!-- PaymentDepositEODReDeposit -->
  <testcase name="RQC_LOC_ManualDefault_Txn_Testdata" time="0.0" classname="tests.QCStore">
    <ignored/>
  </testcase> <!-- RQC_LOC_ManualDefault_Txn_Testdata -->
  <testcase name="RQC_LOC_Default_PartialDefaultPayment_FullDefaultPayment_Txn_Testdata" time="0.0" classname="tests.QCStore">
    <ignored/>
  </testcase> <!-- RQC_LOC_Default_PartialDefaultPayment_FullDefaultPayment_Txn_Testdata -->
  <testcase name="Deposit_Dropdown_Void" time="0.0" classname="tests.QCStore">
    <ignored/>
  </testcase> <!-- Deposit_Dropdown_Void -->
  <testcase name="MidDay_Deposit_MO" time="0.0" classname="tests.QCStore">
    <ignored/>
  </testcase> <!-- MidDay_Deposit_MO -->
  <testcase name="RQC_LOC_PayOff_Agestore180days_AutoClosure_Txn_Testdata" time="0.0" classname="tests.QCStore">
    <ignored/>
  </testcase> <!-- RQC_LOC_PayOff_Agestore180days_AutoClosure_Txn_Testdata -->
  <testcase name="JQC_LOC_Payment_void_NextBusinessDay_Txn" time="0.0" classname="tests.QCStore">
    <ignored/>
  </testcase> <!-- JQC_LOC_Payment_void_NextBusinessDay_Txn -->
  <testcase name="Deposit_Dropdown" time="0.0" classname="tests.QCStore">
    <ignored/>
  </testcase> <!-- Deposit_Dropdown -->
  <testcase name="JQC_LOC_Refinance_EOD_Payment_Txn" time="0.0" classname="tests.QCStore">
    <ignored/>
  </testcase> <!-- JQC_LOC_Refinance_EOD_Payment_Txn -->
  <testcase name="JQC_LOC_Payment_After_Rescind_Txn" time="0.0" classname="tests.QCStore">
    <ignored/>
  </testcase> <!-- JQC_LOC_Payment_After_Rescind_Txn -->
  <testcase name="RQC_LOC_Deposit_Return_2ndDeposit_Clear_3rdDeposit_Return_Default_Txn_Testdata" time="0.0" classname="tests.QCStore">
    <ignored/>
  </testcase> <!-- RQC_LOC_Deposit_Return_2ndDeposit_Clear_3rdDeposit_Return_Default_Txn_Testdata -->
  <testcase name="MaxLocAmounts" time="0.0" classname="tests.QCStore">
    <ignored/>
  </testcase> <!-- MaxLocAmounts -->
  <testcase name="DrawAndEOD" time="0.0" classname="tests.QCStore">
    <ignored/>
  </testcase> <!-- DrawAndEOD -->
  <testcase name="JQC_LOC_GreaterThan_MinPayment_Void_Txn" time="0.0" classname="tests.QCStore">
    <ignored/>
  </testcase> <!-- JQC_LOC_GreaterThan_MinPayment_Void_Txn -->
  <testcase name="JQC_LOC_Refinance_Stepdown_Txn" time="0.0" classname="tests.QCStore">
    <ignored/>
  </testcase> <!-- JQC_LOC_Refinance_Stepdown_Txn -->
  <testcase name="JQC_LOC_Refinance_Latefee_Payment_Txn" time="0.0" classname="tests.QCStore">
    <ignored/>
  </testcase> <!-- JQC_LOC_Refinance_Latefee_Payment_Txn -->
  <testcase name="PayOFFandEod" time="0.0" classname="tests.QCStore">
    <ignored/>
  </testcase> <!-- PayOFFandEod -->
  <testcase name="LOC_maxloanCount" time="0.0" classname="tests.QCStore">
    <ignored/>
  </testcase> <!-- LOC_maxloanCount -->
  <testcase name="JQC_LOC_LessThan_MinPayment_Return_Txn" time="0.0" classname="tests.QCStore">
    <ignored/>
  </testcase> <!-- JQC_LOC_LessThan_MinPayment_Return_Txn -->
  <testcase name="RQC_LOC_Default_DefaultPayment_Void_Txn_Testdata" time="0.0" classname="tests.QCStore">
    <ignored/>
  </testcase> <!-- RQC_LOC_Default_DefaultPayment_Void_Txn_Testdata -->
  <testcase name="RQC_LOC_ManualDefault_EOD_Txn_Testdata" time="0.0" classname="tests.QCStore">
    <ignored/>
  </testcase> <!-- RQC_LOC_ManualDefault_EOD_Txn_Testdata -->
  <testcase name="LOC_semimonthly_NextPay_NotOn_End_Txn" time="0.0" classname="tests.QCStore">
    <ignored/>
  </testcase> <!-- LOC_semimonthly_NextPay_NotOn_End_Txn -->
  <testcase name="JQC_LOC_New_Loan_GraceDay_Rescind_Txn" time="0.0" classname="tests.QCStore">
    <ignored/>
  </testcase> <!-- JQC_LOC_New_Loan_GraceDay_Rescind_Txn -->
  <testcase name="RQC_LOC_2missedPayment_Default_EOD_Txn_Testdata" time="0.0" classname="tests.QCStore">
    <ignored/>
  </testcase> <!-- RQC_LOC_2missedPayment_Default_EOD_Txn_Testdata -->
  <testcase name="MinLocAmounts" time="0.0" classname="tests.QCStore">
    <ignored/>
  </testcase> <!-- MinLocAmounts -->
  <testcase name="PaymentAndEod" time="0.0" classname="tests.QCStore">
    <ignored/>
  </testcase> <!-- PaymentAndEod -->
  <testcase name="LOC_ACHDeposit_EOD_Return_EOD_Default_Redeposit_Txn" time="0.0" classname="tests.QCStore">
    <ignored/>
  </testcase> <!-- LOC_ACHDeposit_EOD_Return_EOD_Default_Redeposit_Txn -->
  <testcase name="EODOnDueDate" time="0.0" classname="tests.QCStore">
    <ignored/>
  </testcase> <!-- EODOnDueDate -->
  <testcase name="LOC_ACHDeposit_EODs_Return_ReDeposit_Clear_Txn" time="0.0" classname="tests.QCStore">
    <ignored/>
  </testcase> <!-- LOC_ACHDeposit_EODs_Return_ReDeposit_Clear_Txn -->
  <testcase name="RQC_LOC_Default_DefaultPayment_Return_Txn_Testdata" time="0.0" classname="tests.QCStore">
    <ignored/>
  </testcase> <!-- RQC_LOC_Default_DefaultPayment_Return_Txn_Testdata -->
  <testcase name="LOC_Biweekly_NextPay_NotOn_End_Txn" time="0.0" classname="tests.QCStore">
    <ignored/>
  </testcase> <!-- LOC_Biweekly_NextPay_NotOn_End_Txn -->
  <testcase name="NewLoanBiweeklyPaymentDuedate" time="0.0" classname="tests.QCStore">
    <ignored/>
  </testcase> <!-- NewLoanBiweeklyPaymentDuedate -->
  <testcase name="RQC_LOC_Default_PartialDefaultPayment_FullDefaultPayment_Void_Txn_Testdata" time="0.0" classname="tests.QCStore">
    <ignored/>
  </testcase> <!-- RQC_LOC_Default_PartialDefaultPayment_FullDefaultPayment_Void_Txn_Testdata -->
  <testcase name="RQC_LOC_Default_PartialDefaultPayment_Void_Txn_Testdata" time="0.0" classname="tests.QCStore">
    <ignored/>
  </testcase> <!-- RQC_LOC_Default_PartialDefaultPayment_Void_Txn_Testdata -->
  <testcase name="NewLoanWeekly" time="0.0" classname="tests.QCStore">
    <ignored/>
  </testcase> <!-- NewLoanWeekly -->
  <testcase name="JQC_LOC_New_Loan_Void_Txn" time="0.0" classname="tests.QCStore">
    <ignored/>
  </testcase> <!-- JQC_LOC_New_Loan_Void_Txn -->
  <testcase name="NewLoanBiweekly" time="0.0" classname="tests.QCStore">
    <ignored/>
  </testcase> <!-- NewLoanBiweekly -->
  <testcase name="QC_ILP_Refinance_Payanyother_Step_Up_Txn" time="0.0" classname="tests.QCStore">
    <ignored/>
  </testcase> <!-- QC_ILP_Refinance_Payanyother_Step_Up_Txn -->
  <testcase name="JQC_LOC_Payment_void_Txn" time="0.0" classname="tests.QCStore">
    <ignored/>
  </testcase> <!-- JQC_LOC_Payment_void_Txn -->
  <testcase name="LOC_ACHDeposit_EODs_Return_Txn" time="0.0" classname="tests.QCStore">
    <ignored/>
  </testcase> <!-- LOC_ACHDeposit_EODs_Return_Txn -->
  <testcase name="JQC_LOC_GreaterThan_MinPayment_Txn" time="0.0" classname="tests.QCStore">
    <ignored/>
  </testcase> <!-- JQC_LOC_GreaterThan_MinPayment_Txn -->
  <testcase name="SQC_LOC_Deposit_Bulk" time="0.0" classname="tests.QCStore">
    <ignored/>
  </testcase> <!-- SQC_LOC_Deposit_Bulk -->
  <testcase name="NewLoanWeekly_Duedatevalidation" time="0.0" classname="tests.QCStore">
    <ignored/>
  </testcase> <!-- NewLoanWeekly_Duedatevalidation -->
  <testcase name="HigherPaymentAndEod" time="0.0" classname="tests.QCStore">
    <ignored/>
  </testcase> <!-- HigherPaymentAndEod -->
  <testcase name="LOC_monthly_NextPay_NotOn_End_Txn" time="0.0" classname="tests.QCStore">
    <ignored/>
  </testcase> <!-- LOC_monthly_NextPay_NotOn_End_Txn -->
  <testcase name="NewLoanMonthly" time="0.0" classname="tests.QCStore">
    <ignored/>
  </testcase> <!-- NewLoanMonthly -->
  <testcase name="LOC_ACHDeposit_EODs_Return_ReDeposit_Return_Txn" time="0.0" classname="tests.QCStore">
    <ignored/>
  </testcase> <!-- LOC_ACHDeposit_EODs_Return_ReDeposit_Return_Txn -->
  <testcase name="JQC_LOC_DueDate_LessThan_MinPayment_Txn" time="0.0" classname="tests.QCStore">
    <ignored/>
  </testcase> <!-- JQC_LOC_DueDate_LessThan_MinPayment_Txn -->
  <testcase name="JQC_LOC_LessThan_MinPayment_Viod_Txn" time="0.0" classname="tests.QCStore">
    <ignored/>
  </testcase> <!-- JQC_LOC_LessThan_MinPayment_Viod_Txn -->
  <testcase name="NewLoanSemiMonthly" time="0.0" classname="tests.QCStore">
    <ignored/>
  </testcase> <!-- NewLoanSemiMonthly -->
  <testcase name="JQC_LOC_GreaterThan_MinPayment_Return_Txn" time="0.0" classname="tests.QCStore">
    <ignored/>
  </testcase> <!-- JQC_LOC_GreaterThan_MinPayment_Return_Txn -->
  <testcase name="RQC_LOC_PayOff_Closure_Txn_Testdata" time="0.0" classname="tests.QCStore">
    <ignored/>
  </testcase> <!-- RQC_LOC_PayOff_Closure_Txn_Testdata -->
  <testcase name="MidDay_Void_Deposit" time="0.0" classname="tests.QCStore">
    <ignored/>
  </testcase> <!-- MidDay_Void_Deposit -->
  <testcase name="DepositAndEOD" time="0.0" classname="tests.QCStore">
    <ignored/>
  </testcase> <!-- DepositAndEOD -->
  <testcase name="JQC_LOC_DueDate_GreaterThan_MinPayment_Txn" time="0.0" classname="tests.QCStore">
    <ignored/>
  </testcase> <!-- JQC_LOC_DueDate_GreaterThan_MinPayment_Txn -->
  <testcase name="JQC_LOC_New_Loan_Void_GraceDay_Txn" time="0.0" classname="tests.QCStore">
    <ignored/>
  </testcase> <!-- JQC_LOC_New_Loan_Void_GraceDay_Txn -->
  <testcase name="MidDay_Deposit" time="0.0" classname="tests.QCStore">
    <ignored/>
  </testcase> <!-- MidDay_Deposit -->
  <testcase name="RQC_LOC_Payment_PayOff_Closure_Void_Txn_Testdata" time="0.0" classname="tests.QCStore">
    <ignored/>
  </testcase> <!-- RQC_LOC_Payment_PayOff_Closure_Void_Txn_Testdata -->
  <testcase name="RQC_LOC_Deposit_Return_2ndDeposit_Return_Default_Txn_Testdata" time="0.0" classname="tests.QCStore">
    <ignored/>
  </testcase> <!-- RQC_LOC_Deposit_Return_2ndDeposit_Return_Default_Txn_Testdata -->
  <testcase name="NewLoanMonthly_Duedatevalidation" time="0.0" classname="tests.QCStore">
    <ignored/>
  </testcase> <!-- NewLoanMonthly_Duedatevalidation -->
  <testcase name="NewLoanSemiMonthly_Duedatevalidation" time="0.0" classname="tests.QCStore">
    <ignored/>
  </testcase> <!-- NewLoanSemiMonthly_Duedatevalidation -->
  <testcase name="RQC_LOC_Default_DefaultPayment_Txn_Testdata" time="0.0" classname="tests.QCStore">
    <ignored/>
  </testcase> <!-- RQC_LOC_Default_DefaultPayment_Txn_Testdata -->
  <testcase name="AReviseCredit_PayofffIncreaseIncome" time="0.0" classname="tests.QCStore">
    <ignored/>
  </testcase> <!-- AReviseCredit_PayofffIncreaseIncome -->
  <testcase name="VoidandEod" time="0.0" classname="tests.QCStore">
    <ignored/>
  </testcase> <!-- VoidandEod -->
  <testcase name="RQC_LOC_PayOff_Closure_PayoffReturn_Txn_Testdata" time="0.0" classname="tests.QCStore">
    <ignored/>
  </testcase> <!-- RQC_LOC_PayOff_Closure_PayoffReturn_Txn_Testdata -->
  <testcase name="JQC_LOC_Payment_OnDueDate_Txn" time="0.0" classname="tests.QCStore">
    <ignored/>
  </testcase> <!-- JQC_LOC_Payment_OnDueDate_Txn -->
  <testcase name="LOC_Deposit_Return_Writeoff" time="0.0" classname="tests.QCStore">
    <ignored/>
  </testcase> <!-- LOC_Deposit_Return_Writeoff -->
  <testcase name="JQC_LOC_New_Loan_After_RescindDays_Txn" time="0.0" classname="tests.QCStore">
    <ignored/>
  </testcase> <!-- JQC_LOC_New_Loan_After_RescindDays_Txn -->
  <testcase name="Clear_Return_EODTwice" time="0.0" classname="tests.QCStore">
    <ignored/>
  </testcase> <!-- Clear_Return_EODTwice -->
  <testcase name="SQC_LOC_LessMinPayment_Deposit" time="0.0" classname="tests.QCStore">
    <ignored/>
  </testcase> <!-- SQC_LOC_LessMinPayment_Deposit -->
  <testcase name="JQC_LOC_Refinance_CABPayment_Return_Txn" time="0.0" classname="tests.QCStore">
    <ignored/>
  </testcase> <!-- JQC_LOC_Refinance_CABPayment_Return_Txn -->
</testsuite> <!-- Test -->
