<?xml version="1.0" encoding="UTF-8"?>
<testng-results skipped="0" failed="1" ignored="2" total="11" passed="8">
  <reporter-output>
  </reporter-output>
  <suite name="Suite" duration-ms="6846583" started-at="2020-06-11T07:54:36Z" finished-at="2020-06-11T09:48:43Z">
    <groups>
      <group name="Samatha">
        <method signature="QCStore.LOC_ACHDep_EOD_Return_ACHdeposit_EOD_Return()[pri:7, instance:tests.QCStore@5f9d02cb]" name="LOC_ACHDep_EOD_Return_ACHdeposit_EOD_Return" class="tests.QCStore"/>
        <method signature="QCStore.LOC_ACHDep_EODs_Return_fullpay_Redeposit()[pri:5, instance:tests.QCStore@5f9d02cb]" name="LOC_ACHDep_EODs_Return_fullpay_Redeposit" class="tests.QCStore"/>
        <method signature="QCStore.LOC_ACHDep_Return_EOD_ACHdeposit_Return_EOD()[pri:8, instance:tests.QCStore@5f9d02cb]" name="LOC_ACHDep_Return_EOD_ACHdeposit_Return_EOD" class="tests.QCStore"/>
        <method signature="QCStore.LOC_ACHDep_Return_Eod_Redeposit()[pri:6, instance:tests.QCStore@5f9d02cb]" name="LOC_ACHDep_Return_Eod_Redeposit" class="tests.QCStore"/>
        <method signature="QCStore.LOC_ACHDeposit_Return()[pri:12, instance:tests.QCStore@5f9d02cb]" name="LOC_ACHDeposit_Return" class="tests.QCStore"/>
        <method signature="QCStore.LOC_ACHDeposit_Return_Redeposit()[pri:13, instance:tests.QCStore@5f9d02cb]" name="LOC_ACHDeposit_Return_Redeposit" class="tests.QCStore"/>
        <method signature="QCStore.LOC_Payment_2ndDuedate_ACHDeposit()[pri:10, instance:tests.QCStore@5f9d02cb]" name="LOC_Payment_2ndDuedate_ACHDeposit" class="tests.QCStore"/>
        <method signature="QCStore.LOC_Payment_ACHDeposit()[pri:9, instance:tests.QCStore@5f9d02cb]" name="LOC_Payment_ACHDeposit" class="tests.QCStore"/>
        <method signature="QCStore.LOC_Payoff_ageLastInst_ACHDeposit()[pri:11, instance:tests.QCStore@5f9d02cb]" name="LOC_Payoff_ageLastInst_ACHDeposit" class="tests.QCStore"/>
      </group> <!-- Samatha -->
    </groups>
    <test name="Test" duration-ms="6846583" started-at="2020-06-11T07:54:36Z" finished-at="2020-06-11T09:48:43Z">
      <class name="tests.QCStore">
        <test-method status="PASS" signature="setup()[pri:0, instance:tests.QCStore@5f9d02cb]" name="setup" is-config="true" duration-ms="92" started-at="2020-06-11T07:54:36Z" finished-at="2020-06-11T07:54:36Z">
          <reporter-output>
          </reporter-output>
        </test-method> <!-- setup -->
        <test-method status="PASS" signature="killProcess()[pri:0, instance:tests.QCStore@5f9d02cb]" name="killProcess" is-config="true" duration-ms="2011" started-at="2020-06-11T07:54:36Z" finished-at="2020-06-11T07:54:38Z">
          <reporter-output>
          </reporter-output>
        </test-method> <!-- killProcess -->
        <test-method status="PASS" signature="LOC_ACHDep_EODs_Return_fullpay_Redeposit()[pri:5, instance:tests.QCStore@5f9d02cb]" name="LOC_ACHDep_EODs_Return_fullpay_Redeposit" duration-ms="912757" started-at="2020-06-11T07:54:38Z" finished-at="2020-06-11T08:09:51Z">
          <reporter-output>
          </reporter-output>
        </test-method> <!-- LOC_ACHDep_EODs_Return_fullpay_Redeposit -->
        <test-method status="PASS" signature="getResult(org.testng.ITestResult)[pri:0, instance:tests.QCStore@5f9d02cb]" name="getResult" is-config="true" duration-ms="160" started-at="2020-06-11T08:09:51Z" finished-at="2020-06-11T08:09:51Z">
          <params>
            <param index="0">
              <value>
                <![CDATA[[TestResult name=LOC_ACHDep_EODs_Return_fullpay_Redeposit status=SUCCESS method=QCStore.LOC_ACHDep_EODs_Return_fullpay_Redeposit()[pri:5, instance:tests.QCStore@5f9d02cb] output={null}]]]>
              </value>
            </param>
          </params>
          <reporter-output>
          </reporter-output>
        </test-method> <!-- getResult -->
        <test-method status="PASS" signature="killProcess()[pri:0, instance:tests.QCStore@5f9d02cb]" name="killProcess" is-config="true" duration-ms="2013" started-at="2020-06-11T08:09:51Z" finished-at="2020-06-11T08:09:53Z">
          <reporter-output>
          </reporter-output>
        </test-method> <!-- killProcess -->
        <test-method status="PASS" signature="LOC_ACHDep_Return_Eod_Redeposit()[pri:6, instance:tests.QCStore@5f9d02cb]" name="LOC_ACHDep_Return_Eod_Redeposit" duration-ms="671106" started-at="2020-06-11T08:09:53Z" finished-at="2020-06-11T08:21:04Z">
          <reporter-output>
          </reporter-output>
        </test-method> <!-- LOC_ACHDep_Return_Eod_Redeposit -->
        <test-method status="PASS" signature="getResult(org.testng.ITestResult)[pri:0, instance:tests.QCStore@5f9d02cb]" name="getResult" is-config="true" duration-ms="34" started-at="2020-06-11T08:21:04Z" finished-at="2020-06-11T08:21:04Z">
          <params>
            <param index="0">
              <value>
                <![CDATA[[TestResult name=LOC_ACHDep_Return_Eod_Redeposit status=SUCCESS method=QCStore.LOC_ACHDep_Return_Eod_Redeposit()[pri:6, instance:tests.QCStore@5f9d02cb] output={null}]]]>
              </value>
            </param>
          </params>
          <reporter-output>
          </reporter-output>
        </test-method> <!-- getResult -->
        <test-method status="PASS" signature="killProcess()[pri:0, instance:tests.QCStore@5f9d02cb]" name="killProcess" is-config="true" duration-ms="2012" started-at="2020-06-11T08:21:04Z" finished-at="2020-06-11T08:21:06Z">
          <reporter-output>
          </reporter-output>
        </test-method> <!-- killProcess -->
        <test-method status="PASS" signature="LOC_ACHDep_EOD_Return_ACHdeposit_EOD_Return()[pri:7, instance:tests.QCStore@5f9d02cb]" name="LOC_ACHDep_EOD_Return_ACHdeposit_EOD_Return" duration-ms="1458977" started-at="2020-06-11T08:21:06Z" finished-at="2020-06-11T08:45:25Z">
          <reporter-output>
          </reporter-output>
        </test-method> <!-- LOC_ACHDep_EOD_Return_ACHdeposit_EOD_Return -->
        <test-method status="PASS" signature="getResult(org.testng.ITestResult)[pri:0, instance:tests.QCStore@5f9d02cb]" name="getResult" is-config="true" duration-ms="29" started-at="2020-06-11T08:45:25Z" finished-at="2020-06-11T08:45:25Z">
          <params>
            <param index="0">
              <value>
                <![CDATA[[TestResult name=LOC_ACHDep_EOD_Return_ACHdeposit_EOD_Return status=SUCCESS method=QCStore.LOC_ACHDep_EOD_Return_ACHdeposit_EOD_Return()[pri:7, instance:tests.QCStore@5f9d02cb] output={null}]]]>
              </value>
            </param>
          </params>
          <reporter-output>
          </reporter-output>
        </test-method> <!-- getResult -->
        <test-method status="PASS" signature="killProcess()[pri:0, instance:tests.QCStore@5f9d02cb]" name="killProcess" is-config="true" duration-ms="2009" started-at="2020-06-11T08:45:25Z" finished-at="2020-06-11T08:45:27Z">
          <reporter-output>
          </reporter-output>
        </test-method> <!-- killProcess -->
        <test-method status="PASS" signature="LOC_ACHDep_Return_EOD_ACHdeposit_Return_EOD()[pri:8, instance:tests.QCStore@5f9d02cb]" name="LOC_ACHDep_Return_EOD_ACHdeposit_Return_EOD" duration-ms="1254039" started-at="2020-06-11T08:45:27Z" finished-at="2020-06-11T09:06:21Z">
          <reporter-output>
          </reporter-output>
        </test-method> <!-- LOC_ACHDep_Return_EOD_ACHdeposit_Return_EOD -->
        <test-method status="PASS" signature="getResult(org.testng.ITestResult)[pri:0, instance:tests.QCStore@5f9d02cb]" name="getResult" is-config="true" duration-ms="28" started-at="2020-06-11T09:06:21Z" finished-at="2020-06-11T09:06:21Z">
          <params>
            <param index="0">
              <value>
                <![CDATA[[TestResult name=LOC_ACHDep_Return_EOD_ACHdeposit_Return_EOD status=SUCCESS method=QCStore.LOC_ACHDep_Return_EOD_ACHdeposit_Return_EOD()[pri:8, instance:tests.QCStore@5f9d02cb] output={null}]]]>
              </value>
            </param>
          </params>
          <reporter-output>
          </reporter-output>
        </test-method> <!-- getResult -->
        <test-method status="PASS" signature="killProcess()[pri:0, instance:tests.QCStore@5f9d02cb]" name="killProcess" is-config="true" duration-ms="2009" started-at="2020-06-11T09:06:21Z" finished-at="2020-06-11T09:06:23Z">
          <reporter-output>
          </reporter-output>
        </test-method> <!-- killProcess -->
        <test-method status="PASS" signature="LOC_Payment_ACHDeposit()[pri:9, instance:tests.QCStore@5f9d02cb]" name="LOC_Payment_ACHDeposit" duration-ms="520227" started-at="2020-06-11T09:06:23Z" finished-at="2020-06-11T09:15:04Z">
          <reporter-output>
          </reporter-output>
        </test-method> <!-- LOC_Payment_ACHDeposit -->
        <test-method status="PASS" signature="getResult(org.testng.ITestResult)[pri:0, instance:tests.QCStore@5f9d02cb]" name="getResult" is-config="true" duration-ms="25" started-at="2020-06-11T09:15:04Z" finished-at="2020-06-11T09:15:04Z">
          <params>
            <param index="0">
              <value>
                <![CDATA[[TestResult name=LOC_Payment_ACHDeposit status=SUCCESS method=QCStore.LOC_Payment_ACHDeposit()[pri:9, instance:tests.QCStore@5f9d02cb] output={null}]]]>
              </value>
            </param>
          </params>
          <reporter-output>
          </reporter-output>
        </test-method> <!-- getResult -->
        <test-method status="PASS" signature="killProcess()[pri:0, instance:tests.QCStore@5f9d02cb]" name="killProcess" is-config="true" duration-ms="2011" started-at="2020-06-11T09:15:04Z" finished-at="2020-06-11T09:15:06Z">
          <reporter-output>
          </reporter-output>
        </test-method> <!-- killProcess -->
        <test-method status="PASS" signature="LOC_Payment_2ndDuedate_ACHDeposit()[pri:10, instance:tests.QCStore@5f9d02cb]" name="LOC_Payment_2ndDuedate_ACHDeposit" duration-ms="519444" started-at="2020-06-11T09:15:06Z" finished-at="2020-06-11T09:23:45Z">
          <reporter-output>
          </reporter-output>
        </test-method> <!-- LOC_Payment_2ndDuedate_ACHDeposit -->
        <test-method status="PASS" signature="getResult(org.testng.ITestResult)[pri:0, instance:tests.QCStore@5f9d02cb]" name="getResult" is-config="true" duration-ms="29" started-at="2020-06-11T09:23:45Z" finished-at="2020-06-11T09:23:45Z">
          <params>
            <param index="0">
              <value>
                <![CDATA[[TestResult name=LOC_Payment_2ndDuedate_ACHDeposit status=SUCCESS method=QCStore.LOC_Payment_2ndDuedate_ACHDeposit()[pri:10, instance:tests.QCStore@5f9d02cb] output={null}]]]>
              </value>
            </param>
          </params>
          <reporter-output>
          </reporter-output>
        </test-method> <!-- getResult -->
        <test-method status="PASS" signature="killProcess()[pri:0, instance:tests.QCStore@5f9d02cb]" name="killProcess" is-config="true" duration-ms="2008" started-at="2020-06-11T09:23:45Z" finished-at="2020-06-11T09:23:47Z">
          <reporter-output>
          </reporter-output>
        </test-method> <!-- killProcess -->
        <test-method status="FAIL" signature="LOC_Payoff_ageLastInst_ACHDeposit()[pri:11, instance:tests.QCStore@5f9d02cb]" name="LOC_Payoff_ageLastInst_ACHDeposit" duration-ms="498067" started-at="2020-06-11T09:23:47Z" finished-at="2020-06-11T09:32:05Z">
          <exception class="org.openqa.selenium.UnhandledAlertException">
            <message>
              <![CDATA[Modal dialog present: Do you want to ACH Revoke?
Build info: version: '3.14.0', revision: 'aacccce0', time: '2018-08-02T20:19:58.91Z'
System info: host: 'QTLSYS0-223', ip: '192.168.0.223', os.name: 'Windows 10', os.arch: 'amd64', os.version: '10.0', java.version: '1.8.0_171'
Driver info: org.openqa.selenium.ie.InternetExplorerDriver
Capabilities {browserAttachTimeout: 0, browserName: internet explorer, cssSelectorsEnabled: true, elementScrollBehavior: 0, enableElementCacheCleanup: true, enablePersistentHover: true, handlesAlerts: true, ie.browserCommandLineSwitches: , ie.ensureCleanSession: false, ie.forceCreateProcessApi: false, ie.usePerProcessProxy: false, ignoreProtectedModeSettings: false, ignoreZoomSetting: false, initialBrowserUrl: http://localhost:45860/, javascriptEnabled: true, nativeEvents: true, platform: WINDOWS, platformName: WINDOWS, requireWindowFocus: false, takesScreenshot: true, unexpectedAlertBehaviour: dismiss, unhandledPromptBehavior: dismiss, version: 11}
Session ID: 995b1351-0043-42d8-b4b4-e0861d2c5622
*** Element info: {Using=name, value=requestBean.chkName}]]>
            </message>
            <full-stacktrace>
              <![CDATA[org.openqa.selenium.UnhandledAlertException: Modal dialog present: Do you want to ACH Revoke?
Build info: version: '3.14.0', revision: 'aacccce0', time: '2018-08-02T20:19:58.91Z'
System info: host: 'QTLSYS0-223', ip: '192.168.0.223', os.name: 'Windows 10', os.arch: 'amd64', os.version: '10.0', java.version: '1.8.0_171'
Driver info: org.openqa.selenium.ie.InternetExplorerDriver
Capabilities {browserAttachTimeout: 0, browserName: internet explorer, cssSelectorsEnabled: true, elementScrollBehavior: 0, enableElementCacheCleanup: true, enablePersistentHover: true, handlesAlerts: true, ie.browserCommandLineSwitches: , ie.ensureCleanSession: false, ie.forceCreateProcessApi: false, ie.usePerProcessProxy: false, ignoreProtectedModeSettings: false, ignoreZoomSetting: false, initialBrowserUrl: http://localhost:45860/, javascriptEnabled: true, nativeEvents: true, platform: WINDOWS, platformName: WINDOWS, requireWindowFocus: false, takesScreenshot: true, unexpectedAlertBehaviour: dismiss, unhandledPromptBehavior: dismiss, version: 11}
Session ID: 995b1351-0043-42d8-b4b4-e0861d2c5622
*** Element info: {Using=name, value=requestBean.chkName}
at sun.reflect.NativeConstructorAccessorImpl.newInstance0(Native Method)
at sun.reflect.NativeConstructorAccessorImpl.newInstance(Unknown Source)
at sun.reflect.DelegatingConstructorAccessorImpl.newInstance(Unknown Source)
at java.lang.reflect.Constructor.newInstance(Unknown Source)
at org.openqa.selenium.remote.ErrorHandler.createThrowable(ErrorHandler.java:214)
at org.openqa.selenium.remote.ErrorHandler.createUnhandledAlertException(ErrorHandler.java:195)
at org.openqa.selenium.remote.ErrorHandler.throwIfResponseFailed(ErrorHandler.java:156)
at org.openqa.selenium.remote.http.JsonHttpResponseCodec.reconstructValue(JsonHttpResponseCodec.java:40)
at org.openqa.selenium.remote.http.AbstractHttpResponseCodec.decode(AbstractHttpResponseCodec.java:80)
at org.openqa.selenium.remote.http.AbstractHttpResponseCodec.decode(AbstractHttpResponseCodec.java:44)
at org.openqa.selenium.remote.HttpCommandExecutor.execute(HttpCommandExecutor.java:158)
at org.openqa.selenium.remote.service.DriverCommandExecutor.execute(DriverCommandExecutor.java:83)
at org.openqa.selenium.remote.RemoteWebDriver.execute(RemoteWebDriver.java:548)
at org.openqa.selenium.remote.RemoteWebDriver.findElement(RemoteWebDriver.java:322)
at org.openqa.selenium.remote.RemoteWebDriver.findElementByName(RemoteWebDriver.java:400)
at org.openqa.selenium.By$ByName.findElement(By.java:284)
at org.openqa.selenium.remote.RemoteWebDriver.findElement(RemoteWebDriver.java:314)
at tests.QCDepositDropdown.depositDropDown(QCDepositDropdown.java:93)
at tests.QCStore.LOC_Payoff_ageLastInst_ACHDeposit(QCStore.java:763)
at sun.reflect.NativeMethodAccessorImpl.invoke0(Native Method)
at sun.reflect.NativeMethodAccessorImpl.invoke(Unknown Source)
at sun.reflect.DelegatingMethodAccessorImpl.invoke(Unknown Source)
at java.lang.reflect.Method.invoke(Unknown Source)
at org.testng.internal.MethodInvocationHelper.invokeMethod(MethodInvocationHelper.java:124)
at org.testng.internal.Invoker.invokeMethod(Invoker.java:583)
at org.testng.internal.Invoker.invokeTestMethod(Invoker.java:719)
at org.testng.internal.Invoker.invokeTestMethods(Invoker.java:989)
at org.testng.internal.TestMethodWorker.invokeTestMethods(TestMethodWorker.java:125)
at org.testng.internal.TestMethodWorker.run(TestMethodWorker.java:109)
at org.testng.TestRunner.privateRun(TestRunner.java:648)
at org.testng.TestRunner.run(TestRunner.java:505)
at org.testng.SuiteRunner.runTest(SuiteRunner.java:455)
at org.testng.SuiteRunner.runSequentially(SuiteRunner.java:450)
at org.testng.SuiteRunner.privateRun(SuiteRunner.java:415)
at org.testng.SuiteRunner.run(SuiteRunner.java:364)
at org.testng.SuiteRunnerWorker.runSuite(SuiteRunnerWorker.java:52)
at org.testng.SuiteRunnerWorker.run(SuiteRunnerWorker.java:84)
at org.testng.TestNG.runSuitesSequentially(TestNG.java:1208)
at org.testng.TestNG.runSuitesLocally(TestNG.java:1137)
at org.testng.TestNG.runSuites(TestNG.java:1049)
at org.testng.TestNG.run(TestNG.java:1017)
at org.testng.remote.AbstractRemoteTestNG.run(AbstractRemoteTestNG.java:114)
at org.testng.remote.RemoteTestNG.initAndRun(RemoteTestNG.java:251)
at org.testng.remote.RemoteTestNG.main(RemoteTestNG.java:77)
]]>
            </full-stacktrace>
          </exception> <!-- org.openqa.selenium.UnhandledAlertException -->
          <reporter-output>
          </reporter-output>
        </test-method> <!-- LOC_Payoff_ageLastInst_ACHDeposit -->
        <test-method status="PASS" signature="getResult(org.testng.ITestResult)[pri:0, instance:tests.QCStore@5f9d02cb]" name="getResult" is-config="true" duration-ms="781" started-at="2020-06-11T09:32:05Z" finished-at="2020-06-11T09:32:06Z">
          <params>
            <param index="0">
              <value>
                <![CDATA[[TestResult name=LOC_Payoff_ageLastInst_ACHDeposit status=FAILURE method=QCStore.LOC_Payoff_ageLastInst_ACHDeposit()[pri:11, instance:tests.QCStore@5f9d02cb] output={null}]]]>
              </value>
            </param>
          </params>
          <reporter-output>
          </reporter-output>
        </test-method> <!-- getResult -->
        <test-method status="PASS" signature="killProcess()[pri:0, instance:tests.QCStore@5f9d02cb]" name="killProcess" is-config="true" duration-ms="2015" started-at="2020-06-11T09:32:06Z" finished-at="2020-06-11T09:32:08Z">
          <reporter-output>
          </reporter-output>
        </test-method> <!-- killProcess -->
        <test-method status="PASS" signature="LOC_ACHDeposit_Return()[pri:12, instance:tests.QCStore@5f9d02cb]" name="LOC_ACHDeposit_Return" duration-ms="469390" started-at="2020-06-11T09:32:08Z" finished-at="2020-06-11T09:39:57Z">
          <reporter-output>
          </reporter-output>
        </test-method> <!-- LOC_ACHDeposit_Return -->
        <test-method status="PASS" signature="getResult(org.testng.ITestResult)[pri:0, instance:tests.QCStore@5f9d02cb]" name="getResult" is-config="true" duration-ms="570" started-at="2020-06-11T09:39:57Z" finished-at="2020-06-11T09:39:58Z">
          <params>
            <param index="0">
              <value>
                <![CDATA[[TestResult name=LOC_ACHDeposit_Return status=SUCCESS method=QCStore.LOC_ACHDeposit_Return()[pri:12, instance:tests.QCStore@5f9d02cb] output={null}]]]>
              </value>
            </param>
          </params>
          <reporter-output>
          </reporter-output>
        </test-method> <!-- getResult -->
        <test-method status="PASS" signature="killProcess()[pri:0, instance:tests.QCStore@5f9d02cb]" name="killProcess" is-config="true" duration-ms="2010" started-at="2020-06-11T09:39:58Z" finished-at="2020-06-11T09:40:00Z">
          <reporter-output>
          </reporter-output>
        </test-method> <!-- killProcess -->
        <test-method status="PASS" signature="LOC_ACHDeposit_Return_Redeposit()[pri:13, instance:tests.QCStore@5f9d02cb]" name="LOC_ACHDeposit_Return_Redeposit" duration-ms="522666" started-at="2020-06-11T09:40:00Z" finished-at="2020-06-11T09:48:43Z">
          <reporter-output>
          </reporter-output>
        </test-method> <!-- LOC_ACHDeposit_Return_Redeposit -->
        <test-method status="PASS" signature="getResult(org.testng.ITestResult)[pri:0, instance:tests.QCStore@5f9d02cb]" name="getResult" is-config="true" duration-ms="32" started-at="2020-06-11T09:48:43Z" finished-at="2020-06-11T09:48:43Z">
          <params>
            <param index="0">
              <value>
                <![CDATA[[TestResult name=LOC_ACHDeposit_Return_Redeposit status=SUCCESS method=QCStore.LOC_ACHDeposit_Return_Redeposit()[pri:13, instance:tests.QCStore@5f9d02cb] output={null}]]]>
              </value>
            </param>
          </params>
          <reporter-output>
          </reporter-output>
        </test-method> <!-- getResult -->
      </class> <!-- tests.QCStore -->
    </test> <!-- Test -->
  </suite> <!-- Suite -->
</testng-results>
