<?xml version="1.0" encoding="UTF-8"?>
<!-- Generated by org.testng.reporters.JUnitXMLReporter -->
<testsuite hostname="QTLSYS0-223" ignored="1" name="Test" tests="1" failures="1" timestamp="25 Nov 2019 06:01:00 GMT" time="0.031" errors="0">
  <testcase name="LendNation_ACH_SimpleLoan" time="0.015" classname="tests.LendNation">
    <failure type="java.lang.NullPointerException">
      <![CDATA[java.lang.NullPointerException
at tests.LendNation.getScreenhot(LendNation.java:698)
at tests.LendNation.LendNation_ACH_SimpleLoan(LendNation.java:200)
... Removed 25 stack frames]]>
    </failure>
  </testcase> <!-- LendNation_ACH_SimpleLoan -->
  <testcase name="QC_Accounting_OnlineAdvance_LateFee_Deposit_Txn_Testdata" time="0.0" classname="tests.LendNation">
    <ignored/>
  </testcase> <!-- QC_Accounting_OnlineAdvance_LateFee_Deposit_Txn_Testdata -->
</testsuite> <!-- Test -->
